2017 Mar 15 Wed 10:22:31 run_tests.py[line:21] INFO 载入环境变量成功
2017 Mar 15 Wed 10:22:31 run_tests.py[line:26] INFO 搜寻测试脚本成功
2017 Mar 15 Wed 10:22:31 run_tests.py[line:37] INFO 开始执行测试脚本
2017 Mar 15 Wed 10:22:31 run_tests.py[line:39] INFO 执行测试脚本结束
2017 Mar 15 Wed 10:22:31 run_tests.py[line:41] INFO 测试完成
2017 Mar 15 Wed 10:27:15 run_tests.py[line:21] INFO 载入环境变量成功
2017 Mar 15 Wed 10:27:15 run_tests.py[line:26] INFO 搜寻测试脚本成功
2017 Mar 15 Wed 10:27:15 run_tests.py[line:37] INFO 开始执行测试脚本
2017 Mar 15 Wed 10:27:15 run_tests.py[line:39] INFO 执行测试脚本结束
2017 Mar 15 Wed 10:27:15 run_tests.py[line:41] INFO 测试完成
2017 Mar 15 Wed 10:27:51 run_tests.py[line:14] INFO =================
2017 Mar 15 Wed 10:27:51 run_tests.py[line:15] INFO 载入环境变量成功
2017 Mar 15 Wed 10:27:51 run_tests.py[line:20] INFO 搜寻测试脚本成功
2017 Mar 15 Wed 10:27:51 run_tests.py[line:31] INFO 开始执行测试脚本
2017 Mar 15 Wed 10:27:51 run_tests.py[line:33] INFO 执行测试脚本结束
2017 Mar 15 Wed 10:27:51 run_tests.py[line:35] INFO 测试完成
2017 Mar 15 Wed 10:27:51 run_tests.py[line:36] INFO =================
2017 Mar 15 Wed 10:36:17 run_tests.py[line:14] INFO =================
2017 Mar 15 Wed 10:36:17 run_tests.py[line:15] INFO 载入环境变量成功
2017 Mar 15 Wed 10:36:18 run_tests.py[line:20] INFO 搜寻测试脚本成功
2017 Mar 15 Wed 10:36:18 run_tests.py[line:31] INFO 开始执行测试脚本
2017 Mar 15 Wed 10:36:18 run_tests.py[line:33] INFO 执行测试脚本结束
2017 Mar 15 Wed 10:36:18 run_tests.py[line:35] INFO 测试完成
2017 Mar 15 Wed 10:36:18 run_tests.py[line:36] INFO =================
2017 Mar 15 Wed 10:47:50 run_tests.py[line:14] INFO =================
2017 Mar 15 Wed 10:47:50 run_tests.py[line:15] INFO 载入环境变量成功
2017 Mar 15 Wed 10:47:52 run_tests.py[line:20] INFO 搜寻测试脚本成功
2017 Mar 15 Wed 10:47:52 run_tests.py[line:31] INFO 开始执行测试脚本
2017 Mar 15 Wed 10:47:52 run_tests.py[line:33] INFO 执行测试脚本结束
2017 Mar 15 Wed 10:47:52 run_tests.py[line:35] INFO 测试完成
2017 Mar 15 Wed 10:47:52 run_tests.py[line:36] INFO =================
